#
# There is insufficient memory for the Java Runtime Environment to continue.
# Native memory allocation (malloc) failed to allocate 1048576 bytes. Error detail: AllocateHeap
# Possible reasons:
#   The system is out of physical RAM or swap space
#   This process is running with CompressedOops enabled, and the Java Heap may be blocking the growth of the native heap
# Possible solutions:
#   Reduce memory load on the system
#   Increase physical memory or swap space
#   Check if swap backing store is full
#   Decrease Java heap size (-Xmx/-Xms)
#   Decrease number of Java threads
#   Decrease Java thread stack sizes (-Xss)
#   Set larger code cache with -XX:ReservedCodeCacheSize=
#   JVM is running with Unscaled Compressed Oops mode in which the Java heap is
#     placed in the first 4GB address space. The Java Heap base address is the
#     maximum limit for the native heap growth. Please use -XX:HeapBaseMinAddress
#     to set the Java Heap base and to place the Java Heap above 4GB virtual address.
# This output file may be truncated or incomplete.
#
#  Out of Memory Error (allocation.cpp:44), pid=51860, tid=32604
#
# JRE version: OpenJDK Runtime Environment Temurin-21.0.9+10 (21.0.9+10) (build 21.0.9+10-LTS)
# Java VM: OpenJDK 64-Bit Server VM Temurin-21.0.9+10 (21.0.9+10-LTS, mixed mode, sharing, tiered, compressed oops, compressed class ptrs, parallel gc, windows-amd64)
# No core dump will be written. Minidumps are not enabled by default on client versions of Windows
#

---------------  S U M M A R Y ------------

Command Line: --add-modules=ALL-SYSTEM --add-opens=java.base/java.util=ALL-UNNAMED --add-opens=java.base/java.lang=ALL-UNNAMED --add-opens=java.base/sun.nio.fs=ALL-UNNAMED -Declipse.application=org.eclipse.jdt.ls.core.id1 -Dosgi.bundles.defaultStartLevel=4 -Declipse.product=org.eclipse.jdt.ls.core.product -Djava.import.generatesMetadataFilesAtProjectRoot=false -DDetectVMInstallationsJob.disabled=true -Dfile.encoding=utf8 -XX:+UseParallelGC -XX:GCTimeRatio=4 -XX:AdaptiveSizePolicyWeight=90 -Dsun.zip.disableMemoryMapping=true -Xmx2G -Xms100m -Xlog:disable -javaagent:c:\Users\skchoe\.vscode\extensions\redhat.java-1.52.0-win32-x64\lombok\lombok-1.18.39-4050.jar -XX:+HeapDumpOnOutOfMemoryError -XX:HeapDumpPath=c:\Users\skchoe\AppData\Roaming\Code\User\workspaceStorage\c7ffefd14e3eaa1ae40ea23a18e9ce71\redhat.java -Daether.dependencyCollector.impl=bf c:\Users\skchoe\.vscode\extensions\redhat.java-1.52.0-win32-x64\server\plugins\org.eclipse.equinox.launcher_1.7.100.v20251111-0406.jar -configuration c:\Users\skchoe\AppData\Roaming\Code\User\globalStorage\redhat.java\1.52.0\config_win -data c:\Users\skchoe\AppData\Roaming\Code\User\workspaceStorage\c7ffefd14e3eaa1ae40ea23a18e9ce71\redhat.java\jdt_ws --pipe=\\.\pipe\lsp-04239b94bb638b15bde08d96c1f18259-sock

Host: Intel(R) Core(TM) i7-9850H CPU @ 2.60GHz, 12 cores, 31G,  Windows 11 , 64 bit Build 26100 (10.0.26100.7705)
Time: Wed Feb 25 17:59:11 2026 Eastern Standard Time elapsed time: 77176.946720 seconds (0d 21h 26m 16s)

---------------  T H R E A D  ---------------

Current thread (0x000002a47b03cc00):  JavaThread "Attach Listener" daemon [_thread_in_vm, id=32604, stack(0x000000b9aa700000,0x000000b9aa800000) (1024K)]

Stack: [0x000000b9aa700000,0x000000b9aa800000]
Native frames: (J=compiled Java code, j=interpreted, Vv=VM code, C=native code)
V  [jvm.dll+0x6d6e29]
V  [jvm.dll+0x8b4b76]
V  [jvm.dll+0x8b712e]
V  [jvm.dll+0x8b7813]
V  [jvm.dll+0x283d86]
V  [jvm.dll+0xc1277]
V  [jvm.dll+0x6d76d9]
V  [jvm.dll+0x133466]
V  [jvm.dll+0x3f7ea6]
V  [jvm.dll+0x85e9ad]
V  [jvm.dll+0x6d565d]
C  [ucrtbase.dll+0x37b0]
C  [KERNEL32.DLL+0x2e8d7]
C  [ntdll.dll+0x8c40c]


---------------  P R O C E S S  ---------------

Threads class SMR info:
_java_thread_list=0x000002a45d148e30, length=39, elements={
0x000002a47af8ee10, 0x000002a47b0373a0, 0x000002a47af3db10, 0x000002a47b03d290,
0x000002a47b03cc00, 0x000002a47b03d920, 0x000002a47b03dfb0, 0x000002a47b047470,
0x000002a454035d50, 0x000002a47b03ab30, 0x000002a47b03b1c0, 0x000002a47b03b850,
0x000002a47b03bee0, 0x000002a47b03c570, 0x000002a4590c5820, 0x000002a4590c6bd0,
0x000002a4590c78f0, 0x000002a4590c5190, 0x000002a4590c6540, 0x000002a4590ca050,
0x000002a4590c99c0, 0x000002a4590c8610, 0x000002a4590cad70, 0x000002a4590ca6e0,
0x000002a4590cb400, 0x000002a4590cc120, 0x000002a4590c8ca0, 0x000002a4590c9330,
0x000002a45b71c410, 0x000002a45b71de50, 0x000002a45b71e4e0, 0x000002a45b71bd80,
0x000002a45b71d130, 0x000002a45b71caa0, 0x000002a45b71b060, 0x000002a45b71d7c0,
0x000002a45b71b6f0, 0x000002a45b71ff20, 0x000002a46615a650
}

Java Threads: ( => current thread )
  0x000002a47af8ee10 JavaThread "main"                              [_thread_blocked, id=54668, stack(0x000000b9aa000000,0x000000b9aa100000) (1024K)]
  0x000002a47b0373a0 JavaThread "Reference Handler"          daemon [_thread_blocked, id=53536, stack(0x000000b9aa400000,0x000000b9aa500000) (1024K)]
  0x000002a47af3db10 JavaThread "Finalizer"                  daemon [_thread_blocked, id=4948, stack(0x000000b9aa500000,0x000000b9aa600000) (1024K)]
  0x000002a47b03d290 JavaThread "Signal Dispatcher"          daemon [_thread_blocked, id=48172, stack(0x000000b9aa600000,0x000000b9aa700000) (1024K)]
=>0x000002a47b03cc00 JavaThread "Attach Listener"            daemon [_thread_in_vm, id=32604, stack(0x000000b9aa700000,0x000000b9aa800000) (1024K)]
  0x000002a47b03d920 JavaThread "Service Thread"             daemon [_thread_blocked, id=20288, stack(0x000000b9aa800000,0x000000b9aa900000) (1024K)]
  0x000002a47b03dfb0 JavaThread "Monitor Deflation Thread"   daemon [_thread_blocked, id=49948, stack(0x000000b9aa900000,0x000000b9aaa00000) (1024K)]
  0x000002a47b047470 JavaThread "C2 CompilerThread0"         daemon [_thread_blocked, id=46724, stack(0x000000b9aaa00000,0x000000b9aab00000) (1024K)]
  0x000002a454035d50 JavaThread "C1 CompilerThread0"         daemon [_thread_blocked, id=42940, stack(0x000000b9aab00000,0x000000b9aac00000) (1024K)]
  0x000002a47b03ab30 JavaThread "Common-Cleaner"             daemon [_thread_blocked, id=5228, stack(0x000000b9aac00000,0x000000b9aad00000) (1024K)]
  0x000002a47b03b1c0 JavaThread "Notification Thread"        daemon [_thread_blocked, id=23180, stack(0x000000b9aae00000,0x000000b9aaf00000) (1024K)]
  0x000002a47b03b850 JavaThread "Active Thread: Equinox Container: aa72929c-65a5-4598-ace0-200eaf6cadf4"        [_thread_blocked, id=54716, stack(0x000000b9ab600000,0x000000b9ab700000) (1024K)]
  0x000002a47b03bee0 JavaThread "Refresh Thread: Equinox Container: aa72929c-65a5-4598-ace0-200eaf6cadf4" daemon [_thread_blocked, id=2236, stack(0x000000b9aaf00000,0x000000b9ab000000) (1024K)]
  0x000002a47b03c570 JavaThread "Framework Event Dispatcher: Equinox Container: aa72929c-65a5-4598-ace0-200eaf6cadf4" daemon [_thread_blocked, id=56356, stack(0x000000b9ab700000,0x000000b9ab800000) (1024K)]
  0x000002a4590c5820 JavaThread "Start Level: Equinox Container: aa72929c-65a5-4598-ace0-200eaf6cadf4" daemon [_thread_blocked, id=33280, stack(0x000000b9ab800000,0x000000b9ab900000) (1024K)]
  0x000002a4590c6bd0 JavaThread "Bundle File Closer"         daemon [_thread_blocked, id=28772, stack(0x000000b9abc00000,0x000000b9abd00000) (1024K)]
  0x000002a4590c78f0 JavaThread "SCR Component Actor"        daemon [_thread_blocked, id=53200, stack(0x000000b9ab900000,0x000000b9aba00000) (1024K)]
  0x000002a4590c5190 JavaThread "Worker-JM"                         [_thread_blocked, id=48808, stack(0x000000b9abf00000,0x000000b9ac000000) (1024K)]
  0x000002a4590c6540 JavaThread "JNA Cleaner"                daemon [_thread_blocked, id=11952, stack(0x000000b9abe00000,0x000000b9abf00000) (1024K)]
  0x000002a4590ca050 JavaThread "Java indexing"              daemon [_thread_blocked, id=46256, stack(0x000000b9ac300000,0x000000b9ac400000) (1024K)]
  0x000002a4590c99c0 JavaThread "Worker-3"                          [_thread_blocked, id=7616, stack(0x000000b9ac800000,0x000000b9ac900000) (1024K)]
  0x000002a4590c8610 JavaThread "Thread-1"                   daemon [_thread_in_native, id=33936, stack(0x000000b9ac900000,0x000000b9aca00000) (1024K)]
  0x000002a4590cad70 JavaThread "Thread-2"                   daemon [_thread_in_native, id=33124, stack(0x000000b9aca00000,0x000000b9acb00000) (1024K)]
  0x000002a4590ca6e0 JavaThread "Thread-3"                   daemon [_thread_in_native, id=21008, stack(0x000000b9acb00000,0x000000b9acc00000) (1024K)]
  0x000002a4590cb400 JavaThread "Thread-4"                   daemon [_thread_in_native, id=29188, stack(0x000000b9acc00000,0x000000b9acd00000) (1024K)]
  0x000002a4590cc120 JavaThread "Thread-5"                   daemon [_thread_in_native, id=9164, stack(0x000000b9acd00000,0x000000b9ace00000) (1024K)]
  0x000002a4590c8ca0 JavaThread "Thread-6"                   daemon [_thread_in_native, id=47800, stack(0x000000b9ace00000,0x000000b9acf00000) (1024K)]
  0x000002a4590c9330 JavaThread "Thread-7"                   daemon [_thread_in_native, id=18032, stack(0x000000b9acf00000,0x000000b9ad000000) (1024K)]
  0x000002a45b71c410 JavaThread "Thread-8"                   daemon [_thread_in_native, id=18736, stack(0x000000b9ad000000,0x000000b9ad100000) (1024K)]
  0x000002a45b71de50 JavaThread "Thread-9"                   daemon [_thread_in_native, id=35592, stack(0x000000b9ad100000,0x000000b9ad200000) (1024K)]
  0x000002a45b71e4e0 JavaThread "Thread-10"                  daemon [_thread_in_native, id=59268, stack(0x000000b9ad200000,0x000000b9ad300000) (1024K)]
  0x000002a45b71bd80 JavaThread "Thread-11"                  daemon [_thread_in_native, id=20172, stack(0x000000b9ad300000,0x000000b9ad400000) (1024K)]
  0x000002a45b71d130 JavaThread "Thread-12"                  daemon [_thread_in_native, id=45040, stack(0x000000b9ad400000,0x000000b9ad500000) (1024K)]
  0x000002a45b71caa0 JavaThread "Thread-13"                  daemon [_thread_in_native, id=56784, stack(0x000000b9ad500000,0x000000b9ad600000) (1024K)]
  0x000002a45b71b060 JavaThread "pool-2-thread-1"                   [_thread_blocked, id=53108, stack(0x000000b9ad600000,0x000000b9ad700000) (1024K)]
  0x000002a45b71d7c0 JavaThread "WorkspaceEventsHandler"            [_thread_blocked, id=41452, stack(0x000000b9ad700000,0x000000b9ad800000) (1024K)]
  0x000002a45b71b6f0 JavaThread "pool-1-thread-1"                   [_thread_blocked, id=10688, stack(0x000000b9ad800000,0x000000b9ad900000) (1024K)]
  0x000002a45b71ff20 JavaThread "pool-3-thread-1"                   [_thread_blocked, id=14300, stack(0x000000b9ac200000,0x000000b9ac300000) (1024K)]
  0x000002a46615a650 JavaThread "Worker-4"                          [_thread_blocked, id=27772, stack(0x000000b9a9f00000,0x000000b9aa000000) (1024K)]
Total: 39

Other Threads:
  0x000002a47b032ad0 VMThread "VM Thread"                           [id=18392, stack(0x000000b9aa300000,0x000000b9aa400000) (1024K)]
  0x000002a47ae1ca10 WatcherThread "VM Periodic Task Thread"        [id=54412, stack(0x000000b9aa200000,0x000000b9aa300000) (1024K)]
  0x000002a47afad540 WorkerThread "GC Thread#0"                     [id=54084, stack(0x000000b9aa100000,0x000000b9aa200000) (1024K)]
  0x000002a45966c8a0 WorkerThread "GC Thread#1"                     [id=5704, stack(0x000000b9ab000000,0x000000b9ab100000) (1024K)]
  0x000002a4594c5bb0 WorkerThread "GC Thread#2"                     [id=51432, stack(0x000000b9ab100000,0x000000b9ab200000) (1024K)]
  0x000002a4594c5f50 WorkerThread "GC Thread#3"                     [id=11588, stack(0x000000b9ab200000,0x000000b9ab300000) (1024K)]
  0x000002a45438e430 WorkerThread "GC Thread#4"                     [id=57880, stack(0x000000b9ab300000,0x000000b9ab400000) (1024K)]
  0x000002a45438e7d0 WorkerThread "GC Thread#5"                     [id=43772, stack(0x000000b9ab400000,0x000000b9ab500000) (1024K)]
  0x000002a45438eb70 WorkerThread "GC Thread#6"                     [id=200, stack(0x000000b9ab500000,0x000000b9ab600000) (1024K)]
  0x000002a454284650 WorkerThread "GC Thread#7"                     [id=36276, stack(0x000000b9aad00000,0x000000b9aae00000) (1024K)]
  0x000002a459c107d0 WorkerThread "GC Thread#8"                     [id=54920, stack(0x000000b9aba00000,0x000000b9abb00000) (1024K)]
  0x000002a4593db600 WorkerThread "GC Thread#9"                     [id=15596, stack(0x000000b9abb00000,0x000000b9abc00000) (1024K)]
Total: 12

Threads with active compile tasks:
Total: 0

VM state: not at safepoint (normal execution)

VM Mutex/Monitor currently owned by a thread: None

Heap address: 0x0000000080000000, size: 2048 MB, Compressed Oops mode: 32-bit

CDS archive(s) mapped at: [0x000002a413000000-0x000002a413ba0000-0x000002a413ba0000), size 12189696, SharedBaseAddress: 0x000002a413000000, ArchiveRelocationMode: 1.
Compressed class space mapped at: 0x000002a414000000-0x000002a454000000, reserved size: 1073741824
Narrow klass base: 0x000002a413000000, Narrow klass shift: 0, Narrow klass range: 0x100000000

GC Precious Log:
 CardTable entry size: 512
 CPUs: 12 total, 12 available
 Memory: 32486M
 Large Page Support: Disabled
 NUMA Support: Disabled
 Compressed Oops: Enabled (32-bit)
 Alignments: Space 512K, Generation 512K, Heap 2M
 Heap Min Capacity: 100M
 Heap Initial Capacity: 100M
 Heap Max Capacity: 2G
 Pre-touch: Disabled
 Parallel Workers: 10

Heap:
 PSYoungGen      total 6656K, used 6057K [0x00000000d5580000, 0x00000000d5e00000, 0x0000000100000000)
  eden space 5632K, 96% used [0x00000000d5580000,0x00000000d5ad27c8,0x00000000d5b00000)
  from space 1024K, 59% used [0x00000000d5d00000,0x00000000d5d98000,0x00000000d5e00000)
  to   space 1024K, 0% used [0x00000000d5c00000,0x00000000d5c00000,0x00000000d5d00000)
 ParOldGen       total 421376K, used 212466K [0x0000000080000000, 0x0000000099b80000, 0x00000000d5580000)
  object space 421376K, 50% used [0x0000000080000000,0x000000008cf7cab8,0x0000000099b80000)
 Metaspace       used 63772K, committed 65344K, reserved 1114112K
  class space    used 6766K, committed 7424K, reserved 1048576K

Card table byte_map: [0x000002a47a930000,0x000002a47ad40000] _byte_map_base: 0x000002a47a530000

Marking Bits: (ParMarkBitMap*) 0x00007fff8f532460
 Begin Bits: [0x000002a40f000000, 0x000002a411000000)
 End Bits:   [0x000002a411000000, 0x000002a413000000)

Polling page: 0x000002a478bd0000

Metaspace:

Usage:
  Non-class:     55.67 MB used.
      Class:      6.61 MB used.
       Both:     62.28 MB used.

Virtual space:
  Non-class space:       64.00 MB reserved,      56.56 MB ( 88%) committed,  1 nodes.
      Class space:        1.00 GB reserved,       7.25 MB ( <1%) committed,  1 nodes.
             Both:        1.06 GB reserved,      63.81 MB (  6%) committed. 

Chunk freelists:
   Non-Class:  7.45 MB
       Class:  8.70 MB
        Both:  16.15 MB

MaxMetaspaceSize: unlimited
CompressedClassSpaceSize: 1.00 GB
Initial GC threshold: 21.00 MB
Current GC threshold: 97.31 MB
CDS: on
 - commit_granule_bytes: 65536.
 - commit_granule_words: 8192.
 - virtual_space_node_default_size: 8388608.
 - enlarge_chunks_in_place: 1.
 - use_allocation_guard: 0.


Internal statistics:

num_allocs_failed_limit: 9.
num_arena_births: 1262.
num_arena_deaths: 20.
num_vsnodes_births: 2.
num_vsnodes_deaths: 0.
num_space_committed: 1021.
num_space_uncommitted: 0.
num_chunks_returned_to_freelist: 32.
num_chunks_taken_from_freelist: 4271.
num_chunk_merges: 17.
num_chunk_splits: 2643.
num_chunks_enlarged: 1509.
num_inconsistent_stats: 0.

CodeHeap 'non-profiled nmethods': size=120000Kb used=8847Kb max_used=8847Kb free=111152Kb
 bounds [0x000002a407ad0000, 0x000002a408380000, 0x000002a40f000000]
CodeHeap 'profiled nmethods': size=120000Kb used=24747Kb max_used=24747Kb free=95252Kb
 bounds [0x000002a400000000, 0x000002a401830000, 0x000002a407530000]
CodeHeap 'non-nmethods': size=5760Kb used=1435Kb max_used=1501Kb free=4325Kb
 bounds [0x000002a407530000, 0x000002a4077a0000, 0x000002a407ad0000]
CodeCache: size=245760Kb, used=35029Kb, max_used=35095Kb, free=210729Kb
 total_blobs=12109, nmethods=11361, adapters=654, full_count=0
Compilation: enabled, stopped_count=0, restarted_count=0

Compilation events (20 events):
Event: 37095.703 Thread 0x000002a454035d50 12134       3       java.util.logging.LogManager::demandLogger (53 bytes)
Event: 37095.703 Thread 0x000002a454035d50 nmethod 12134 0x000002a401824f90 code [0x000002a4018251c0, 0x000002a401825818]
Event: 37095.703 Thread 0x000002a454035d50 12135       3       java.util.logging.LogManager::getLogger (9 bytes)
Event: 37095.703 Thread 0x000002a454035d50 nmethod 12135 0x000002a401825a90 code [0x000002a401825c40, 0x000002a401825e50]
Event: 37709.538 Thread 0x000002a454035d50 12136   !   3       org.eclipse.osgi.storage.Storage::save0 (246 bytes)
Event: 37709.543 Thread 0x000002a454035d50 nmethod 12136 0x000002a401825f90 code [0x000002a4018264a0, 0x000002a401829088]
Event: 38999.833 Thread 0x000002a47b047470 12137       4       java.util.concurrent.ThreadPoolExecutor::runStateAtLeast (11 bytes)
Event: 38999.834 Thread 0x000002a47b047470 nmethod 12137 0x000002a408372e90 code [0x000002a408373000, 0x000002a408373078]
Event: 39119.867 Thread 0x000002a47b047470 12138       4       java.util.concurrent.ScheduledThreadPoolExecutor::canRunInCurrentRunState (61 bytes)
Event: 39119.868 Thread 0x000002a47b047470 nmethod 12138 0x000002a408373190 code [0x000002a408373320, 0x000002a4083733e8]
Event: 39483.226 Thread 0x000002a47b047470 12139       4       java.util.concurrent.locks.AbstractQueuedSynchronizer$ConditionObject::canReacquire (38 bytes)
Event: 39483.227 Thread 0x000002a47b047470 nmethod 12139 0x000002a408373510 code [0x000002a4083736a0, 0x000002a4083737b0]
Event: 39522.167 Thread 0x000002a454035d50 12140       1       org.eclipse.core.internal.jobs.InternalJob::setThread (6 bytes)
Event: 39522.167 Thread 0x000002a454035d50 nmethod 12140 0x000002a408373890 code [0x000002a408373a20, 0x000002a408373b08]
Event: 41143.711 Thread 0x000002a454035d50 12141   !   3       jdk.internal.ref.PhantomCleanable::isListEmpty (34 bytes)
Event: 41143.712 Thread 0x000002a454035d50 nmethod 12141 0x000002a40182a610 code [0x000002a40182a7c0, 0x000002a40182aa18]
Event: 41143.712 Thread 0x000002a454035d50 12142       3       jdk.internal.misc.InnocuousThread::eraseThreadLocals (23 bytes)
Event: 41143.713 Thread 0x000002a454035d50 nmethod 12142 0x000002a40182ab10 code [0x000002a40182aca0, 0x000002a40182ae08]
Event: 41322.275 Thread 0x000002a454035d50 12143       1       org.eclipse.core.internal.jobs.InternalJob::setProgressMonitor (6 bytes)
Event: 41322.276 Thread 0x000002a454035d50 nmethod 12143 0x000002a408373b90 code [0x000002a408373d20, 0x000002a408373e08]

GC Heap History (20 events):
Event: 57.387 GC heap before
{Heap before GC invocations=402 (full 3):
 PSYoungGen      total 6144K, used 5952K [0x00000000d5580000, 0x00000000d5c80000, 0x0000000100000000)
  eden space 5632K, 100% used [0x00000000d5580000,0x00000000d5b00000,0x00000000d5b00000)
  from space 512K, 62% used [0x00000000d5c00000,0x00000000d5c50000,0x00000000d5c80000)
  to   space 512K, 0% used [0x00000000d5b80000,0x00000000d5b80000,0x00000000d5c00000)
 ParOldGen       total 421376K, used 205713K [0x0000000080000000, 0x0000000099b80000, 0x00000000d5580000)
  object space 421376K, 48% used [0x0000000080000000,0x000000008c8e45c0,0x0000000099b80000)
 Metaspace       used 62582K, committed 64128K, reserved 1114112K
  class space    used 6665K, committed 7296K, reserved 1048576K
}
Event: 57.388 GC heap after
{Heap after GC invocations=402 (full 3):
 PSYoungGen      total 6144K, used 424K [0x00000000d5580000, 0x00000000d5c80000, 0x0000000100000000)
  eden space 5632K, 0% used [0x00000000d5580000,0x00000000d5580000,0x00000000d5b00000)
  from space 512K, 82% used [0x00000000d5b80000,0x00000000d5bea3c0,0x00000000d5c00000)
  to   space 512K, 0% used [0x00000000d5c00000,0x00000000d5c00000,0x00000000d5c80000)
 ParOldGen       total 421376K, used 205769K [0x0000000080000000, 0x0000000099b80000, 0x00000000d5580000)
  object space 421376K, 48% used [0x0000000080000000,0x000000008c8f25c0,0x0000000099b80000)
 Metaspace       used 62582K, committed 64128K, reserved 1114112K
  class space    used 6665K, committed 7296K, reserved 1048576K
}
Event: 57.399 GC heap before
{Heap before GC invocations=403 (full 3):
 PSYoungGen      total 6144K, used 6056K [0x00000000d5580000, 0x00000000d5c80000, 0x0000000100000000)
  eden space 5632K, 100% used [0x00000000d5580000,0x00000000d5b00000,0x00000000d5b00000)
  from space 512K, 82% used [0x00000000d5b80000,0x00000000d5bea3c0,0x00000000d5c00000)
  to   space 512K, 0% used [0x00000000d5c00000,0x00000000d5c00000,0x00000000d5c80000)
 ParOldGen       total 421376K, used 205769K [0x0000000080000000, 0x0000000099b80000, 0x00000000d5580000)
  object space 421376K, 48% used [0x0000000080000000,0x000000008c8f25c0,0x0000000099b80000)
 Metaspace       used 62582K, committed 64128K, reserved 1114112K
  class space    used 6665K, committed 7296K, reserved 1048576K
}
Event: 57.400 GC heap after
{Heap after GC invocations=403 (full 3):
 PSYoungGen      total 6144K, used 366K [0x00000000d5580000, 0x00000000d5c80000, 0x0000000100000000)
  eden space 5632K, 0% used [0x00000000d5580000,0x00000000d5580000,0x00000000d5b00000)
  from space 512K, 71% used [0x00000000d5c00000,0x00000000d5c5b998,0x00000000d5c80000)
  to   space 512K, 0% used [0x00000000d5b80000,0x00000000d5b80000,0x00000000d5c00000)
 ParOldGen       total 421376K, used 205793K [0x0000000080000000, 0x0000000099b80000, 0x00000000d5580000)
  object space 421376K, 48% used [0x0000000080000000,0x000000008c8f85c0,0x0000000099b80000)
 Metaspace       used 62582K, committed 64128K, reserved 1114112K
  class space    used 6665K, committed 7296K, reserved 1048576K
}
Event: 57.426 GC heap before
{Heap before GC invocations=404 (full 3):
 PSYoungGen      total 6144K, used 5998K [0x00000000d5580000, 0x00000000d5c80000, 0x0000000100000000)
  eden space 5632K, 100% used [0x00000000d5580000,0x00000000d5b00000,0x00000000d5b00000)
  from space 512K, 71% used [0x00000000d5c00000,0x00000000d5c5b998,0x00000000d5c80000)
  to   space 512K, 0% used [0x00000000d5b80000,0x00000000d5b80000,0x00000000d5c00000)
 ParOldGen       total 421376K, used 205793K [0x0000000080000000, 0x0000000099b80000, 0x00000000d5580000)
  object space 421376K, 48% used [0x0000000080000000,0x000000008c8f85c0,0x0000000099b80000)
 Metaspace       used 62596K, committed 64128K, reserved 1114112K
  class space    used 6665K, committed 7296K, reserved 1048576K
}
Event: 57.427 GC heap after
{Heap after GC invocations=404 (full 3):
 PSYoungGen      total 6144K, used 378K [0x00000000d5580000, 0x00000000d5c80000, 0x0000000100000000)
  eden space 5632K, 0% used [0x00000000d5580000,0x00000000d5580000,0x00000000d5b00000)
  from space 512K, 73% used [0x00000000d5b80000,0x00000000d5bde900,0x00000000d5c00000)
  to   space 512K, 0% used [0x00000000d5c00000,0x00000000d5c00000,0x00000000d5c80000)
 ParOldGen       total 421376K, used 205833K [0x0000000080000000, 0x0000000099b80000, 0x00000000d5580000)
  object space 421376K, 48% used [0x0000000080000000,0x000000008c9025c0,0x0000000099b80000)
 Metaspace       used 62596K, committed 64128K, reserved 1114112K
  class space    used 6665K, committed 7296K, reserved 1048576K
}
Event: 57.449 GC heap before
{Heap before GC invocations=405 (full 3):
 PSYoungGen      total 6144K, used 5915K [0x00000000d5580000, 0x00000000d5c80000, 0x0000000100000000)
  eden space 5632K, 98% used [0x00000000d5580000,0x00000000d5ae8500,0x00000000d5b00000)
  from space 512K, 73% used [0x00000000d5b80000,0x00000000d5bde900,0x00000000d5c00000)
  to   space 512K, 0% used [0x00000000d5c00000,0x00000000d5c00000,0x00000000d5c80000)
 ParOldGen       total 421376K, used 205833K [0x0000000080000000, 0x0000000099b80000, 0x00000000d5580000)
  object space 421376K, 48% used [0x0000000080000000,0x000000008c9025c0,0x0000000099b80000)
 Metaspace       used 62600K, committed 64128K, reserved 1114112K
  class space    used 6665K, committed 7296K, reserved 1048576K
}
Event: 57.450 GC heap after
{Heap after GC invocations=405 (full 3):
 PSYoungGen      total 6144K, used 320K [0x00000000d5580000, 0x00000000d5c80000, 0x0000000100000000)
  eden space 5632K, 0% used [0x00000000d5580000,0x00000000d5580000,0x00000000d5b00000)
  from space 512K, 62% used [0x00000000d5c00000,0x00000000d5c50000,0x00000000d5c80000)
  to   space 512K, 0% used [0x00000000d5b80000,0x00000000d5b80000,0x00000000d5c00000)
 ParOldGen       total 421376K, used 205997K [0x0000000080000000, 0x0000000099b80000, 0x00000000d5580000)
  object space 421376K, 48% used [0x0000000080000000,0x000000008c92b7c0,0x0000000099b80000)
 Metaspace       used 62600K, committed 64128K, reserved 1114112K
  class space    used 6665K, committed 7296K, reserved 1048576K
}
Event: 57.472 GC heap before
{Heap before GC invocations=406 (full 3):
 PSYoungGen      total 6144K, used 5858K [0x00000000d5580000, 0x00000000d5c80000, 0x0000000100000000)
  eden space 5632K, 98% used [0x00000000d5580000,0x00000000d5ae8aa0,0x00000000d5b00000)
  from space 512K, 62% used [0x00000000d5c00000,0x00000000d5c50000,0x00000000d5c80000)
  to   space 512K, 0% used [0x00000000d5b80000,0x00000000d5b80000,0x00000000d5c00000)
 ParOldGen       total 421376K, used 205997K [0x0000000080000000, 0x0000000099b80000, 0x00000000d5580000)
  object space 421376K, 48% used [0x0000000080000000,0x000000008c92b7c0,0x0000000099b80000)
 Metaspace       used 62600K, committed 64128K, reserved 1114112K
  class space    used 6665K, committed 7296K, reserved 1048576K
}
Event: 57.473 GC heap after
{Heap after GC invocations=406 (full 3):
 PSYoungGen      total 6144K, used 320K [0x00000000d5580000, 0x00000000d5c80000, 0x0000000100000000)
  eden space 5632K, 0% used [0x00000000d5580000,0x00000000d5580000,0x00000000d5b00000)
  from space 512K, 62% used [0x00000000d5b80000,0x00000000d5bd0000,0x00000000d5c00000)
  to   space 512K, 0% used [0x00000000d5c00000,0x00000000d5c00000,0x00000000d5c80000)
 ParOldGen       total 421376K, used 206085K [0x0000000080000000, 0x0000000099b80000, 0x00000000d5580000)
  object space 421376K, 48% used [0x0000000080000000,0x000000008c9417c0,0x0000000099b80000)
 Metaspace       used 62600K, committed 64128K, reserved 1114112K
  class space    used 6665K, committed 7296K, reserved 1048576K
}
Event: 353.376 GC heap before
{Heap before GC invocations=407 (full 3):
 PSYoungGen      total 6144K, used 5952K [0x00000000d5580000, 0x00000000d5c80000, 0x0000000100000000)
  eden space 5632K, 100% used [0x00000000d5580000,0x00000000d5b00000,0x00000000d5b00000)
  from space 512K, 62% used [0x00000000d5b80000,0x00000000d5bd0000,0x00000000d5c00000)
  to   space 512K, 0% used [0x00000000d5c00000,0x00000000d5c00000,0x00000000d5c80000)
 ParOldGen       total 421376K, used 206085K [0x0000000080000000, 0x0000000099b80000, 0x00000000d5580000)
  object space 421376K, 48% used [0x0000000080000000,0x000000008c9417c0,0x0000000099b80000)
 Metaspace       used 62919K, committed 64448K, reserved 1114112K
  class space    used 6701K, committed 7360K, reserved 1048576K
}
Event: 353.377 GC heap after
{Heap after GC invocations=407 (full 3):
 PSYoungGen      total 6144K, used 320K [0x00000000d5580000, 0x00000000d5c80000, 0x0000000100000000)
  eden space 5632K, 0% used [0x00000000d5580000,0x00000000d5580000,0x00000000d5b00000)
  from space 512K, 62% used [0x00000000d5c00000,0x00000000d5c50000,0x00000000d5c80000)
  to   space 512K, 0% used [0x00000000d5b80000,0x00000000d5b80000,0x00000000d5c00000)
 ParOldGen       total 421376K, used 206149K [0x0000000080000000, 0x0000000099b80000, 0x00000000d5580000)
  object space 421376K, 48% used [0x0000000080000000,0x000000008c9517c0,0x0000000099b80000)
 Metaspace       used 62919K, committed 64448K, reserved 1114112K
  class space    used 6701K, committed 7360K, reserved 1048576K
}
Event: 353.541 GC heap before
{Heap before GC invocations=408 (full 3):
 PSYoungGen      total 6144K, used 5868K [0x00000000d5580000, 0x00000000d5c80000, 0x0000000100000000)
  eden space 5632K, 98% used [0x00000000d5580000,0x00000000d5aeb008,0x00000000d5b00000)
  from space 512K, 62% used [0x00000000d5c00000,0x00000000d5c50000,0x00000000d5c80000)
  to   space 512K, 0% used [0x00000000d5b80000,0x00000000d5b80000,0x00000000d5c00000)
 ParOldGen       total 421376K, used 206149K [0x0000000080000000, 0x0000000099b80000, 0x00000000d5580000)
  object space 421376K, 48% used [0x0000000080000000,0x000000008c9517c0,0x0000000099b80000)
 Metaspace       used 63035K, committed 64576K, reserved 1114112K
  class space    used 6711K, committed 7360K, reserved 1048576K
}
Event: 353.542 GC heap after
{Heap after GC invocations=408 (full 3):
 PSYoungGen      total 6144K, used 506K [0x00000000d5580000, 0x00000000d6200000, 0x0000000100000000)
  eden space 5632K, 0% used [0x00000000d5580000,0x00000000d5580000,0x00000000d5b00000)
  from space 512K, 98% used [0x00000000d5b80000,0x00000000d5bfe8d0,0x00000000d5c00000)
  to   space 3584K, 0% used [0x00000000d5e80000,0x00000000d5e80000,0x00000000d6200000)
 ParOldGen       total 421376K, used 208483K [0x0000000080000000, 0x0000000099b80000, 0x00000000d5580000)
  object space 421376K, 49% used [0x0000000080000000,0x000000008cb98e50,0x0000000099b80000)
 Metaspace       used 63035K, committed 64576K, reserved 1114112K
  class space    used 6711K, committed 7360K, reserved 1048576K
}
Event: 353.572 GC heap before
{Heap before GC invocations=409 (full 3):
 PSYoungGen      total 6144K, used 6138K [0x00000000d5580000, 0x00000000d6200000, 0x0000000100000000)
  eden space 5632K, 100% used [0x00000000d5580000,0x00000000d5b00000,0x00000000d5b00000)
  from space 512K, 98% used [0x00000000d5b80000,0x00000000d5bfe8d0,0x00000000d5c00000)
  to   space 3584K, 0% used [0x00000000d5e80000,0x00000000d5e80000,0x00000000d6200000)
 ParOldGen       total 421376K, used 208483K [0x0000000080000000, 0x0000000099b80000, 0x00000000d5580000)
  object space 421376K, 49% used [0x0000000080000000,0x000000008cb98e50,0x0000000099b80000)
 Metaspace       used 63057K, committed 64640K, reserved 1114112K
  class space    used 6711K, committed 7360K, reserved 1048576K
}
Event: 353.573 GC heap after
{Heap after GC invocations=409 (full 3):
 PSYoungGen      total 8704K, used 2793K [0x00000000d5580000, 0x00000000d6180000, 0x0000000100000000)
  eden space 5632K, 0% used [0x00000000d5580000,0x00000000d5580000,0x00000000d5b00000)
  from space 3072K, 90% used [0x00000000d5e80000,0x00000000d613a5b0,0x00000000d6180000)
  to   space 3072K, 0% used [0x00000000d5b80000,0x00000000d5b80000,0x00000000d5e80000)
 ParOldGen       total 421376K, used 209005K [0x0000000080000000, 0x0000000099b80000, 0x00000000d5580000)
  object space 421376K, 49% used [0x0000000080000000,0x000000008cc1b448,0x0000000099b80000)
 Metaspace       used 63057K, committed 64640K, reserved 1114112K
  class space    used 6711K, committed 7360K, reserved 1048576K
}
Event: 353.615 GC heap before
{Heap before GC invocations=410 (full 3):
 PSYoungGen      total 8704K, used 8425K [0x00000000d5580000, 0x00000000d6180000, 0x0000000100000000)
  eden space 5632K, 99% used [0x00000000d5580000,0x00000000d5affff0,0x00000000d5b00000)
  from space 3072K, 90% used [0x00000000d5e80000,0x00000000d613a5b0,0x00000000d6180000)
  to   space 3072K, 0% used [0x00000000d5b80000,0x00000000d5b80000,0x00000000d5e80000)
 ParOldGen       total 421376K, used 209005K [0x0000000080000000, 0x0000000099b80000, 0x00000000d5580000)
  object space 421376K, 49% used [0x0000000080000000,0x000000008cc1b448,0x0000000099b80000)
 Metaspace       used 63128K, committed 64640K, reserved 1114112K
  class space    used 6712K, committed 7360K, reserved 1048576K
}
Event: 353.617 GC heap after
{Heap after GC invocations=410 (full 3):
 PSYoungGen      total 7168K, used 1088K [0x00000000d5580000, 0x00000000d5f00000, 0x0000000100000000)
  eden space 5632K, 0% used [0x00000000d5580000,0x00000000d5580000,0x00000000d5b00000)
  from space 1536K, 70% used [0x00000000d5b80000,0x00000000d5c90000,0x00000000d5d00000)
  to   space 2048K, 0% used [0x00000000d5d00000,0x00000000d5d00000,0x00000000d5f00000)
 ParOldGen       total 421376K, used 211582K [0x0000000080000000, 0x0000000099b80000, 0x00000000d5580000)
  object space 421376K, 50% used [0x0000000080000000,0x000000008ce9faa8,0x0000000099b80000)
 Metaspace       used 63128K, committed 64640K, reserved 1114112K
  class space    used 6712K, committed 7360K, reserved 1048576K
}
Event: 353.690 GC heap before
{Heap before GC invocations=411 (full 3):
 PSYoungGen      total 7168K, used 6720K [0x00000000d5580000, 0x00000000d5f00000, 0x0000000100000000)
  eden space 5632K, 100% used [0x00000000d5580000,0x00000000d5b00000,0x00000000d5b00000)
  from space 1536K, 70% used [0x00000000d5b80000,0x00000000d5c90000,0x00000000d5d00000)
  to   space 2048K, 0% used [0x00000000d5d00000,0x00000000d5d00000,0x00000000d5f00000)
 ParOldGen       total 421376K, used 211582K [0x0000000080000000, 0x0000000099b80000, 0x00000000d5580000)
  object space 421376K, 50% used [0x0000000080000000,0x000000008ce9faa8,0x0000000099b80000)
 Metaspace       used 63230K, committed 64768K, reserved 1114112K
  class space    used 6713K, committed 7360K, reserved 1048576K
}
Event: 353.692 GC heap after
{Heap after GC invocations=411 (full 3):
 PSYoungGen      total 6656K, used 608K [0x00000000d5580000, 0x00000000d5e00000, 0x0000000100000000)
  eden space 5632K, 0% used [0x00000000d5580000,0x00000000d5580000,0x00000000d5b00000)
  from space 1024K, 59% used [0x00000000d5d00000,0x00000000d5d98000,0x00000000d5e00000)
  to   space 1024K, 0% used [0x00000000d5c00000,0x00000000d5c00000,0x00000000d5d00000)
 ParOldGen       total 421376K, used 212466K [0x0000000080000000, 0x0000000099b80000, 0x00000000d5580000)
  object space 421376K, 50% used [0x0000000080000000,0x000000008cf7cab8,0x0000000099b80000)
 Metaspace       used 63230K, committed 64768K, reserved 1114112K
  class space    used 6713K, committed 7360K, reserved 1048576K
}

Dll operation events (10 events):
Event: 0.008 Loaded shared library c:\Users\skchoe\.vscode\extensions\redhat.java-1.52.0-win32-x64\jre\21.0.9-win32-x86_64\bin\java.dll
Event: 0.085 Loaded shared library c:\Users\skchoe\.vscode\extensions\redhat.java-1.52.0-win32-x64\jre\21.0.9-win32-x86_64\bin\zip.dll
Event: 0.107 Loaded shared library C:\Users\skchoe\.vscode\extensions\redhat.java-1.52.0-win32-x64\jre\21.0.9-win32-x86_64\bin\instrument.dll
Event: 0.112 Loaded shared library C:\Users\skchoe\.vscode\extensions\redhat.java-1.52.0-win32-x64\jre\21.0.9-win32-x86_64\bin\net.dll
Event: 0.114 Loaded shared library C:\Users\skchoe\.vscode\extensions\redhat.java-1.52.0-win32-x64\jre\21.0.9-win32-x86_64\bin\nio.dll
Event: 0.118 Loaded shared library C:\Users\skchoe\.vscode\extensions\redhat.java-1.52.0-win32-x64\jre\21.0.9-win32-x86_64\bin\zip.dll
Event: 0.136 Loaded shared library C:\Users\skchoe\.vscode\extensions\redhat.java-1.52.0-win32-x64\jre\21.0.9-win32-x86_64\bin\jimage.dll
Event: 0.223 Loaded shared library c:\Users\skchoe\.vscode\extensions\redhat.java-1.52.0-win32-x64\jre\21.0.9-win32-x86_64\bin\verify.dll
Event: 7.793 Loaded shared library C:\Users\skchoe\AppData\Roaming\Code\User\globalStorage\redhat.java\1.52.0\config_win\org.eclipse.equinox.launcher\org.eclipse.equinox.launcher.win32.win32.x86_64_1.2.1500.v20260121-1430\eclipse_11919.dll
Event: 16.135 Loaded shared library C:\Users\skchoe\AppData\Local\Temp\jna--900745389\jna9232875858527313215.dll

Deoptimization events (20 events):
Event: 353.726 Thread 0x000002a4590c4b00 DEOPT PACKING pc=0x000002a407c41814 sp=0x000000b9ac1fe870
Event: 353.726 Thread 0x000002a4590c4b00 DEOPT UNPACKING pc=0x000002a407583aa2 sp=0x000000b9ac1fe7b0 mode 2
Event: 353.726 Thread 0x000002a4590c4b00 Uncommon trap: trap_request=0xffffffc6 fr.pc=0x000002a407c41814 relative=0x00000000000001f4
Event: 353.726 Thread 0x000002a4590c4b00 Uncommon trap: reason=bimorphic_or_optimized_type_check action=maybe_recompile pc=0x000002a407c41814 method=java.util.Collections.eq(Ljava/lang/Object;Ljava/lang/Object;)Z @ 18 c2
Event: 353.726 Thread 0x000002a4590c4b00 DEOPT PACKING pc=0x000002a407c41814 sp=0x000000b9ac1fe9d0
Event: 353.726 Thread 0x000002a4590c4b00 DEOPT UNPACKING pc=0x000002a407583aa2 sp=0x000000b9ac1fe910 mode 2
Event: 653.531 Thread 0x000002a4590cba90 Uncommon trap: trap_request=0xffffff45 fr.pc=0x000002a407bf8514 relative=0x00000000000000f4
Event: 653.531 Thread 0x000002a4590cba90 Uncommon trap: reason=unstable_if action=reinterpret pc=0x000002a407bf8514 method=java.util.concurrent.locks.ReentrantLock$NonfairSync.initialTryLock()Z @ 25 c2
Event: 653.531 Thread 0x000002a4590cba90 DEOPT PACKING pc=0x000002a407bf8514 sp=0x000000b9aedff0c0
Event: 653.531 Thread 0x000002a45adbae20 Uncommon trap: trap_request=0xffffff45 fr.pc=0x000002a407bfd30c relative=0x00000000000000ec
Event: 653.531 Thread 0x000002a45adbae20 Uncommon trap: reason=unstable_if action=reinterpret pc=0x000002a407bfd30c method=java.util.concurrent.locks.ReentrantLock$NonfairSync.initialTryLock()Z @ 25 c2
Event: 653.531 Thread 0x000002a4590cba90 DEOPT UNPACKING pc=0x000002a407583aa2 sp=0x000000b9aedfef88 mode 2
Event: 653.531 Thread 0x000002a45adbae20 DEOPT PACKING pc=0x000002a407bfd30c sp=0x000000b9aebff070
Event: 653.531 Thread 0x000002a45adbae20 DEOPT UNPACKING pc=0x000002a407583aa2 sp=0x000000b9aebfef98 mode 2
Event: 653.783 Thread 0x000002a4590c99c0 Uncommon trap: trap_request=0xffffff45 fr.pc=0x000002a40831ede8 relative=0x00000000000001a8
Event: 653.783 Thread 0x000002a4590c99c0 Uncommon trap: reason=unstable_if action=reinterpret pc=0x000002a40831ede8 method=java.io.ObjectOutputStream$HandleTable.lookup(Ljava/lang/Object;)I @ 4 c2
Event: 653.783 Thread 0x000002a4590c99c0 DEOPT PACKING pc=0x000002a40831ede8 sp=0x000000b9ac8fe9c0
Event: 653.783 Thread 0x000002a4590c99c0 DEOPT UNPACKING pc=0x000002a407583aa2 sp=0x000000b9ac8fe950 mode 2
Event: 653.905 Thread 0x000002a4590c99c0 DEOPT PACKING pc=0x000002a4007e06f1 sp=0x000000b9ac8fbfd0
Event: 653.905 Thread 0x000002a4590c99c0 DEOPT UNPACKING pc=0x000002a407584242 sp=0x000000b9ac8fb578 mode 0

Classes loaded (20 events):
Event: 353.350 Loading class java/util/stream/Nodes$CollectorTask$OfRef
Event: 353.350 Loading class java/util/stream/Nodes$CollectorTask
Event: 353.350 Loading class java/util/stream/Nodes$CollectorTask done
Event: 353.350 Loading class java/util/stream/Nodes$CollectorTask$OfRef done
Event: 353.351 Loading class java/util/function/LongFunction
Event: 353.351 Loading class java/util/function/LongFunction done
Event: 353.351 Loading class java/util/stream/Nodes$ConcNode
Event: 353.351 Loading class java/util/stream/Nodes$AbstractConcNode
Event: 353.351 Loading class java/util/stream/Nodes$AbstractConcNode done
Event: 353.351 Loading class java/util/stream/Nodes$ConcNode done
Event: 353.364 Loading class java/io/ObjectOutputStream$BlockDataOutputStream
Event: 353.364 Loading class java/io/ObjectOutputStream$BlockDataOutputStream done
Event: 353.365 Loading class java/io/ObjectOutputStream$HandleTable
Event: 353.365 Loading class java/io/ObjectOutputStream$HandleTable done
Event: 353.365 Loading class java/io/ObjectOutputStream$ReplaceTable
Event: 353.365 Loading class java/io/ObjectOutputStream$ReplaceTable done
Event: 353.367 Loading class java/nio/charset/CharacterCodingException
Event: 353.367 Loading class java/nio/charset/CharacterCodingException done
Event: 353.705 Loading class java/io/SequenceInputStream
Event: 353.705 Loading class java/io/SequenceInputStream done

Classes unloaded (10 events):
Event: 16.524 Thread 0x000002a47b032ad0 Unloading class 0x000002a4141ac000 'java/lang/invoke/LambdaForm$MH+0x000002a4141ac000'
Event: 16.524 Thread 0x000002a47b032ad0 Unloading class 0x000002a4141abc00 'java/lang/invoke/LambdaForm$MH+0x000002a4141abc00'
Event: 16.524 Thread 0x000002a47b032ad0 Unloading class 0x000002a4141ab800 'java/lang/invoke/LambdaForm$MH+0x000002a4141ab800'
Event: 16.524 Thread 0x000002a47b032ad0 Unloading class 0x000002a4141ab400 'java/lang/invoke/LambdaForm$MH+0x000002a4141ab400'
Event: 16.524 Thread 0x000002a47b032ad0 Unloading class 0x000002a4141ab000 'java/lang/invoke/LambdaForm$BMH+0x000002a4141ab000'
Event: 16.524 Thread 0x000002a47b032ad0 Unloading class 0x000002a4141aac00 'java/lang/invoke/LambdaForm$DMH+0x000002a4141aac00'
Event: 16.524 Thread 0x000002a47b032ad0 Unloading class 0x000002a4141a9800 'java/lang/invoke/LambdaForm$DMH+0x000002a4141a9800'
Event: 54.496 Thread 0x000002a47b032ad0 Unloading class 0x000002a414625000 'java/lang/invoke/LambdaForm$DMH+0x000002a414625000'
Event: 54.496 Thread 0x000002a47b032ad0 Unloading class 0x000002a414624c00 'java/lang/invoke/LambdaForm$DMH+0x000002a414624c00'
Event: 54.496 Thread 0x000002a47b032ad0 Unloading class 0x000002a414624800 'java/lang/invoke/LambdaForm$DMH+0x000002a414624800'

Classes redefined (0 events):
No events

Internal exceptions (20 events):
Event: 353.359 Thread 0x000002a4590c99c0 Exception <a 'sun/nio/fs/WindowsException'{0x00000000d5a7b040}> (0x00000000d5a7b040) 
thrown [s\src\hotspot\share\prims\jni.cpp, line 520]
Event: 353.359 Thread 0x000002a4590c99c0 Exception <a 'sun/nio/fs/WindowsException'{0x00000000d5a7ba08}> (0x00000000d5a7ba08) 
thrown [s\src\hotspot\share\prims\jni.cpp, line 520]
Event: 353.379 Thread 0x000002a4590c99c0 Exception <a 'java/lang/NoSuchMethodError'{0x00000000d55a1cd8}: static [J.<clinit>()V> (0x00000000d55a1cd8) 
thrown [s\src\hotspot\share\prims\jni.cpp, line 1111]
Event: 353.385 Thread 0x000002a4590c99c0 Exception <a 'java/lang/NoSuchMethodError'{0x00000000d55cde48}: 'java.lang.Object java.lang.invoke.DirectMethodHandle$Holder.newInvokeSpecial(java.lang.Object, java.lang.Object, java.lang.Object, java.lang.Object, java.lang.Object, java.lang.Object, java.lang.Object, java.lang.Object)'> (0x00000000d55cde48) 
thrown [s\src\hotspot\share\interpreter\linkResolver.cpp, line 773]
Event: 353.517 Thread 0x000002a4590c4b00 Exception <a 'sun/nio/fs/WindowsException'{0x00000000d579ad98}> (0x00000000d579ad98) 
thrown [s\src\hotspot\share\prims\jni.cpp, line 520]
Event: 353.519 Thread 0x000002a46615ee80 Exception <a 'sun/nio/fs/WindowsException'{0x00000000d57a6e50}> (0x00000000d57a6e50) 
thrown [s\src\hotspot\share\prims\jni.cpp, line 520]
Event: 353.519 Thread 0x000002a46615ee80 Exception <a 'sun/nio/fs/WindowsException'{0x00000000d57a8080}> (0x00000000d57a8080) 
thrown [s\src\hotspot\share\prims\jni.cpp, line 520]
Event: 353.519 Thread 0x000002a46615ee80 Exception <a 'sun/nio/fs/WindowsException'{0x00000000d57a9088}> (0x00000000d57a9088) 
thrown [s\src\hotspot\share\prims\jni.cpp, line 520]
Event: 353.520 Thread 0x000002a4661615e0 Exception <a 'sun/nio/fs/WindowsException'{0x00000000d57b1308}> (0x00000000d57b1308) 
thrown [s\src\hotspot\share\prims\jni.cpp, line 520]
Event: 353.520 Thread 0x000002a46615fba0 Exception <a 'sun/nio/fs/WindowsException'{0x00000000d57baa48}> (0x00000000d57baa48) 
thrown [s\src\hotspot\share\prims\jni.cpp, line 520]
Event: 353.520 Thread 0x000002a466160230 Exception <a 'sun/nio/fs/WindowsException'{0x00000000d57c4160}> (0x00000000d57c4160) 
thrown [s\src\hotspot\share\prims\jni.cpp, line 520]
Event: 353.521 Thread 0x000002a45adb65f0 Exception <a 'sun/nio/fs/WindowsException'{0x00000000d57e09b0}> (0x00000000d57e09b0) 
thrown [s\src\hotspot\share\prims\jni.cpp, line 520]
Event: 353.521 Thread 0x000002a45adb58d0 Exception <a 'sun/nio/fs/WindowsException'{0x00000000d57f3328}> (0x00000000d57f3328) 
thrown [s\src\hotspot\share\prims\jni.cpp, line 520]
Event: 353.643 Thread 0x000002a4590c4b00 Exception <a 'sun/nio/fs/WindowsException'{0x00000000d581d378}> (0x00000000d581d378) 
thrown [s\src\hotspot\share\prims\jni.cpp, line 520]
Event: 353.643 Thread 0x000002a4590c4b00 Exception <a 'sun/nio/fs/WindowsException'{0x00000000d581da90}> (0x00000000d581da90) 
thrown [s\src\hotspot\share\prims\jni.cpp, line 520]
Event: 353.694 Thread 0x000002a4590c4b00 Exception <a 'java/lang/NoSuchMethodError'{0x00000000d5585b98}: 'java.lang.Object java.lang.invoke.DirectMethodHandle$Holder.invokeStatic(java.lang.Object, java.lang.Object, int, java.lang.Object)'> (0x00000000d5585b98) 
thrown [s\src\hotspot\share\interpreter\linkResolver.cpp, line 773]
Event: 353.721 Thread 0x000002a4590c4b00 Exception <a 'java/io/FileNotFoundException'{0x00000000d57db478}> (0x00000000d57db478) 
thrown [s\src\hotspot\share\prims\jni.cpp, line 520]
Event: 353.722 Thread 0x000002a4590c4b00 Exception <a 'java/io/FileNotFoundException'{0x00000000d57dc6f8}> (0x00000000d57dc6f8) 
thrown [s\src\hotspot\share\prims\jni.cpp, line 520]
Event: 653.781 Thread 0x000002a4590c99c0 Exception <a 'sun/nio/fs/WindowsException'{0x00000000d58a79d8}> (0x00000000d58a79d8) 
thrown [s\src\hotspot\share\prims\jni.cpp, line 520]
Event: 653.781 Thread 0x000002a4590c99c0 Exception <a 'sun/nio/fs/WindowsException'{0x00000000d58a83a0}> (0x00000000d58a83a0) 
thrown [s\src\hotspot\share\prims\jni.cpp, line 520]

ZGC Phase Switch (0 events):
No events

VM Operations (20 events):
Event: 41378.051 Executing VM operation: HandshakeAllThreads (HandshakeForDeflation)
Event: 41378.051 Executing VM operation: HandshakeAllThreads (HandshakeForDeflation) done
Event: 41378.052 Executing VM operation: RendezvousGCThreads
Event: 41378.052 Executing VM operation: RendezvousGCThreads done
Event: 41438.058 Executing VM operation: HandshakeAllThreads (HandshakeForDeflation)
Event: 41438.058 Executing VM operation: HandshakeAllThreads (HandshakeForDeflation) done
Event: 41438.058 Executing VM operation: RendezvousGCThreads
Event: 41438.058 Executing VM operation: RendezvousGCThreads done
Event: 41498.073 Executing VM operation: HandshakeAllThreads (HandshakeForDeflation)
Event: 41498.073 Executing VM operation: HandshakeAllThreads (HandshakeForDeflation) done
Event: 41498.073 Executing VM operation: RendezvousGCThreads
Event: 41498.073 Executing VM operation: RendezvousGCThreads done
Event: 41558.250 Executing VM operation: HandshakeAllThreads (HandshakeForDeflation)
Event: 41558.250 Executing VM operation: HandshakeAllThreads (HandshakeForDeflation) done
Event: 41558.250 Executing VM operation: RendezvousGCThreads
Event: 41558.250 Executing VM operation: RendezvousGCThreads done
Event: 41618.300 Executing VM operation: HandshakeAllThreads (HandshakeForDeflation)
Event: 41618.300 Executing VM operation: HandshakeAllThreads (HandshakeForDeflation) done
Event: 41618.300 Executing VM operation: RendezvousGCThreads
Event: 41618.300 Executing VM operation: RendezvousGCThreads done

Memory protections (0 events):
No events

Nmethod flushes (20 events):
Event: 54.518 Thread 0x000002a47b032ad0 flushing  nmethod 0x000002a400885010
Event: 54.518 Thread 0x000002a47b032ad0 flushing  nmethod 0x000002a400885f10
Event: 54.518 Thread 0x000002a47b032ad0 flushing  nmethod 0x000002a4008a1090
Event: 54.518 Thread 0x000002a47b032ad0 flushing  nmethod 0x000002a4008a1690
Event: 54.518 Thread 0x000002a47b032ad0 flushing  nmethod 0x000002a4008a1f10
Event: 54.518 Thread 0x000002a47b032ad0 flushing  nmethod 0x000002a4008a2c10
Event: 54.518 Thread 0x000002a47b032ad0 flushing  nmethod 0x000002a4008a4710
Event: 54.518 Thread 0x000002a47b032ad0 flushing  nmethod 0x000002a4008b3e10
Event: 54.518 Thread 0x000002a47b032ad0 flushing  nmethod 0x000002a4008b8110
Event: 54.518 Thread 0x000002a47b032ad0 flushing  nmethod 0x000002a4008c4690
Event: 54.518 Thread 0x000002a47b032ad0 flushing  nmethod 0x000002a4008c8b10
Event: 54.518 Thread 0x000002a47b032ad0 flushing osr nmethod 0x000002a4008ee010
Event: 54.518 Thread 0x000002a47b032ad0 flushing  nmethod 0x000002a400933a10
Event: 54.518 Thread 0x000002a47b032ad0 flushing  nmethod 0x000002a400935f10
Event: 54.518 Thread 0x000002a47b032ad0 flushing  nmethod 0x000002a400937810
Event: 54.518 Thread 0x000002a47b032ad0 flushing  nmethod 0x000002a400937b90
Event: 54.518 Thread 0x000002a47b032ad0 flushing  nmethod 0x000002a400941d90
Event: 54.518 Thread 0x000002a47b032ad0 flushing  nmethod 0x000002a400942110
Event: 54.518 Thread 0x000002a47b032ad0 flushing  nmethod 0x000002a400943a10
Event: 54.518 Thread 0x000002a47b032ad0 flushing  nmethod 0x000002a40095ae10

Events (20 events):
Event: 653.642 Thread 0x000002a46615b370 Thread exited: 0x000002a46615b370
Event: 653.642 Thread 0x000002a46615e160 Thread exited: 0x000002a46615e160
Event: 653.642 Thread 0x000002a46615c090 Thread exited: 0x000002a46615c090
Event: 653.642 Thread 0x000002a46615dad0 Thread exited: 0x000002a46615dad0
Event: 653.642 Thread 0x000002a46615ba00 Thread exited: 0x000002a46615ba00
Event: 653.642 Thread 0x000002a466159fc0 Thread exited: 0x000002a466159fc0
Event: 653.780 Thread 0x000002a4590c99c0 Thread added: 0x000002a45adb86c0
Event: 653.780 Thread 0x000002a45adb86c0 Thread exited: 0x000002a45adb86c0
Event: 653.782 Thread 0x000002a4590c99c0 Thread added: 0x000002a45adb86c0
Event: 653.782 Thread 0x000002a45adb86c0 Thread exited: 0x000002a45adb86c0
Event: 653.911 Thread 0x000002a454035d50 Thread added: 0x000002a45dc8ed40
Event: 659.006 Thread 0x000002a45dc8ed40 Thread exited: 0x000002a45dc8ed40
Event: 713.410 Thread 0x000002a45adb5f60 Thread exited: 0x000002a45adb5f60
Event: 713.551 Thread 0x000002a466160230 Thread exited: 0x000002a466160230
Event: 773.556 Thread 0x000002a4661615e0 Thread exited: 0x000002a4661615e0
Event: 833.564 Thread 0x000002a45b7205b0 Thread exited: 0x000002a45b7205b0
Event: 893.565 Thread 0x000002a46615f510 Thread exited: 0x000002a46615f510
Event: 953.578 Thread 0x000002a45adb5240 Thread exited: 0x000002a45adb5240
Event: 1013.587 Thread 0x000002a45b7212d0 Thread exited: 0x000002a45b7212d0
Event: 1073.595 Thread 0x000002a46615e7f0 Thread exited: 0x000002a46615e7f0


Dynamic libraries:
0x00007ff76ec40000 - 0x00007ff76ec4e000 	c:\Users\skchoe\.vscode\extensions\redhat.java-1.52.0-win32-x64\jre\21.0.9-win32-x86_64\bin\java.exe
0x00007ff85c040000 - 0x00007ff85c2a8000 	C:\WINDOWS\SYSTEM32\ntdll.dll
0x00007ff85b480000 - 0x00007ff85b549000 	C:\WINDOWS\System32\KERNEL32.DLL
0x00007ff859840000 - 0x00007ff859c31000 	C:\WINDOWS\System32\KERNELBASE.dll
0x00007ff859580000 - 0x00007ff8596cb000 	C:\WINDOWS\System32\ucrtbase.dll
0x00007ff8404d0000 - 0x00007ff8404e8000 	c:\Users\skchoe\.vscode\extensions\redhat.java-1.52.0-win32-x64\jre\21.0.9-win32-x86_64\bin\jli.dll
0x00007ff8404a0000 - 0x00007ff8404be000 	c:\Users\skchoe\.vscode\extensions\redhat.java-1.52.0-win32-x64\jre\21.0.9-win32-x86_64\bin\VCRUNTIME140.dll
0x00007ff85ba00000 - 0x00007ff85bbc6000 	C:\WINDOWS\System32\USER32.dll
0x00007ff83bf70000 - 0x00007ff83c203000 	C:\WINDOWS\WinSxS\amd64_microsoft.windows.common-controls_6595b64144ccf1df_6.0.26100.7824_none_3e0870b2e3345462\COMCTL32.dll
0x00007ff859db0000 - 0x00007ff859dd7000 	C:\WINDOWS\System32\win32u.dll
0x00007ff859f00000 - 0x00007ff859fa9000 	C:\WINDOWS\System32\msvcrt.dll
0x00007ff85bd20000 - 0x00007ff85bd4b000 	C:\WINDOWS\System32\GDI32.dll
0x00007ff859450000 - 0x00007ff85957b000 	C:\WINDOWS\System32\gdi32full.dll
0x00007ff859c40000 - 0x00007ff859ce3000 	C:\WINDOWS\System32\msvcp_win.dll
0x00007ff85a3d0000 - 0x00007ff85a401000 	C:\WINDOWS\System32\IMM32.DLL
0x00007ff84a990000 - 0x00007ff84a99c000 	c:\Users\skchoe\.vscode\extensions\redhat.java-1.52.0-win32-x64\jre\21.0.9-win32-x86_64\bin\vcruntime140_1.dll
0x00007ff80d710000 - 0x00007ff80d79d000 	c:\Users\skchoe\.vscode\extensions\redhat.java-1.52.0-win32-x64\jre\21.0.9-win32-x86_64\bin\msvcp140.dll
0x00007fff8e870000 - 0x00007fff8f610000 	c:\Users\skchoe\.vscode\extensions\redhat.java-1.52.0-win32-x64\jre\21.0.9-win32-x86_64\bin\server\jvm.dll
0x00007ff85bc60000 - 0x00007ff85bd14000 	C:\WINDOWS\System32\ADVAPI32.dll
0x00007ff859e40000 - 0x00007ff859ee6000 	C:\WINDOWS\System32\sechost.dll
0x00007ff85b2b0000 - 0x00007ff85b3c8000 	C:\WINDOWS\System32\RPCRT4.dll
0x00007ff85b6d0000 - 0x00007ff85b744000 	C:\WINDOWS\System32\WS2_32.dll
0x00007ff858780000 - 0x00007ff8587de000 	C:\WINDOWS\SYSTEM32\POWRPROF.dll
0x00007ff83c400000 - 0x00007ff83c435000 	C:\WINDOWS\SYSTEM32\WINMM.dll
0x00007ff84cfc0000 - 0x00007ff84cfcb000 	C:\WINDOWS\SYSTEM32\VERSION.dll
0x00007ff858760000 - 0x00007ff858774000 	C:\WINDOWS\SYSTEM32\UMPDC.dll
0x00007ff857680000 - 0x00007ff85769b000 	C:\WINDOWS\SYSTEM32\kernel.appcore.dll
0x00007ff842b10000 - 0x00007ff842b1a000 	c:\Users\skchoe\.vscode\extensions\redhat.java-1.52.0-win32-x64\jre\21.0.9-win32-x86_64\bin\jimage.dll
0x00007ff8537e0000 - 0x00007ff853a22000 	C:\WINDOWS\SYSTEM32\DBGHELP.DLL
0x00007ff859fb0000 - 0x00007ff85a336000 	C:\WINDOWS\System32\combase.dll
0x00007ff85a4d0000 - 0x00007ff85a5a7000 	C:\WINDOWS\System32\OLEAUT32.dll
0x00007ff83d000000 - 0x00007ff83d03b000 	C:\WINDOWS\SYSTEM32\dbgcore.DLL
0x00007ff8593a0000 - 0x00007ff859445000 	C:\WINDOWS\System32\bcryptPrimitives.dll
0x00007ff842330000 - 0x00007ff84233f000 	c:\Users\skchoe\.vscode\extensions\redhat.java-1.52.0-win32-x64\jre\21.0.9-win32-x86_64\bin\instrument.dll
0x00007ff83f480000 - 0x00007ff83f4a0000 	c:\Users\skchoe\.vscode\extensions\redhat.java-1.52.0-win32-x64\jre\21.0.9-win32-x86_64\bin\java.dll
0x00007ff85a5b0000 - 0x00007ff85ad02000 	C:\WINDOWS\System32\SHELL32.dll
0x00007ff8596d0000 - 0x00007ff85983a000 	C:\WINDOWS\System32\wintypes.dll
0x00007ff858920000 - 0x00007ff859183000 	C:\WINDOWS\System32\windows.storage.dll
0x00007ff85b1a0000 - 0x00007ff85b296000 	C:\WINDOWS\System32\SHCORE.dll
0x00007ff85bbd0000 - 0x00007ff85bc37000 	C:\WINDOWS\System32\shlwapi.dll
0x00007ff858840000 - 0x00007ff858869000 	C:\WINDOWS\SYSTEM32\profapi.dll
0x00007ff83e240000 - 0x00007ff83e258000 	c:\Users\skchoe\.vscode\extensions\redhat.java-1.52.0-win32-x64\jre\21.0.9-win32-x86_64\bin\zip.dll
0x00007ff842440000 - 0x00007ff842450000 	C:\Users\skchoe\.vscode\extensions\redhat.java-1.52.0-win32-x64\jre\21.0.9-win32-x86_64\bin\net.dll
0x00007ff84f100000 - 0x00007ff84f227000 	C:\WINDOWS\SYSTEM32\WINHTTP.dll
0x00007ff857bd0000 - 0x00007ff857c3b000 	C:\WINDOWS\system32\mswsock.dll
0x00007ff83e160000 - 0x00007ff83e176000 	C:\Users\skchoe\.vscode\extensions\redhat.java-1.52.0-win32-x64\jre\21.0.9-win32-x86_64\bin\nio.dll
0x00007ff842150000 - 0x00007ff842160000 	c:\Users\skchoe\.vscode\extensions\redhat.java-1.52.0-win32-x64\jre\21.0.9-win32-x86_64\bin\verify.dll
0x00007ff810910000 - 0x00007ff810955000 	C:\Users\skchoe\AppData\Roaming\Code\User\globalStorage\redhat.java\1.52.0\config_win\org.eclipse.equinox.launcher\org.eclipse.equinox.launcher.win32.win32.x86_64_1.2.1500.v20260121-1430\eclipse_11919.dll
0x00007ff85bd50000 - 0x00007ff85bee7000 	C:\WINDOWS\System32\ole32.dll
0x00007ff857fc0000 - 0x00007ff857fdb000 	C:\WINDOWS\SYSTEM32\CRYPTSP.dll
0x00007ff8575e0000 - 0x00007ff857619000 	C:\WINDOWS\system32\rsaenh.dll
0x00007ff857c80000 - 0x00007ff857cab000 	C:\WINDOWS\SYSTEM32\USERENV.dll
0x00007ff858810000 - 0x00007ff85883a000 	C:\WINDOWS\SYSTEM32\bcrypt.dll
0x00007ff857e20000 - 0x00007ff857e2c000 	C:\WINDOWS\SYSTEM32\CRYPTBASE.dll
0x00007ff857130000 - 0x00007ff857164000 	C:\WINDOWS\SYSTEM32\IPHLPAPI.DLL
0x00007ff85b2a0000 - 0x00007ff85b2aa000 	C:\WINDOWS\System32\NSI.dll
0x00007ff80d4e0000 - 0x00007ff80d529000 	C:\Users\skchoe\AppData\Local\Temp\jna--900745389\jna9232875858527313215.dll
0x00007ff85bef0000 - 0x00007ff85bef8000 	C:\WINDOWS\System32\PSAPI.DLL
0x00007ff84f0d0000 - 0x00007ff84f0ee000 	C:\WINDOWS\SYSTEM32\dhcpcsvc6.DLL
0x00007ff84f050000 - 0x00007ff84f073000 	C:\WINDOWS\SYSTEM32\dhcpcsvc.DLL

JVMTI agents:
c:\Users\skchoe\.vscode\extensions\redhat.java-1.52.0-win32-x64\lombok\lombok-1.18.39-4050.jar path:c:\Users\skchoe\.vscode\extensions\redhat.java-1.52.0-win32-x64\jre\21.0.9-win32-x86_64\bin\instrument.dll, loaded, initialized, instrumentlib options:none

dbghelp: loaded successfully - version: 4.0.5 - missing functions: none
symbol engine: initialized successfully - sym options: 0x614 - pdb path: .;c:\Users\skchoe\.vscode\extensions\redhat.java-1.52.0-win32-x64\jre\21.0.9-win32-x86_64\bin;C:\WINDOWS\SYSTEM32;C:\WINDOWS\WinSxS\amd64_microsoft.windows.common-controls_6595b64144ccf1df_6.0.26100.7824_none_3e0870b2e3345462;c:\Users\skchoe\.vscode\extensions\redhat.java-1.52.0-win32-x64\jre\21.0.9-win32-x86_64\bin\server;C:\Users\skchoe\AppData\Roaming\Code\User\globalStorage\redhat.java\1.52.0\config_win\org.eclipse.equinox.launcher\org.eclipse.equinox.launcher.win32.win32.x86_64_1.2.1500.v20260121-1430;C:\Users\skchoe\AppData\Local\Temp\jna--900745389

VM Arguments:
jvm_args: --add-modules=ALL-SYSTEM --add-opens=java.base/java.util=ALL-UNNAMED --add-opens=java.base/java.lang=ALL-UNNAMED --add-opens=java.base/sun.nio.fs=ALL-UNNAMED -Declipse.application=org.eclipse.jdt.ls.core.id1 -Dosgi.bundles.defaultStartLevel=4 -Declipse.product=org.eclipse.jdt.ls.core.product -Djava.import.generatesMetadataFilesAtProjectRoot=false -DDetectVMInstallationsJob.disabled=true -Dfile.encoding=utf8 -XX:+UseParallelGC -XX:GCTimeRatio=4 -XX:AdaptiveSizePolicyWeight=90 -Dsun.zip.disableMemoryMapping=true -Xmx2G -Xms100m -Xlog:disable -javaagent:c:\Users\skchoe\.vscode\extensions\redhat.java-1.52.0-win32-x64\lombok\lombok-1.18.39-4050.jar -XX:+HeapDumpOnOutOfMemoryError -XX:HeapDumpPath=c:\Users\skchoe\AppData\Roaming\Code\User\workspaceStorage\c7ffefd14e3eaa1ae40ea23a18e9ce71\redhat.java -Daether.dependencyCollector.impl=bf 
java_command: c:\Users\skchoe\.vscode\extensions\redhat.java-1.52.0-win32-x64\server\plugins\org.eclipse.equinox.launcher_1.7.100.v20251111-0406.jar -configuration c:\Users\skchoe\AppData\Roaming\Code\User\globalStorage\redhat.java\1.52.0\config_win -data c:\Users\skchoe\AppData\Roaming\Code\User\workspaceStorage\c7ffefd14e3eaa1ae40ea23a18e9ce71\redhat.java\jdt_ws --pipe=\\.\pipe\lsp-04239b94bb638b15bde08d96c1f18259-sock
java_class_path (initial): c:\Users\skchoe\.vscode\extensions\redhat.java-1.52.0-win32-x64\server\plugins\org.eclipse.equinox.launcher_1.7.100.v20251111-0406.jar
Launcher Type: SUN_STANDARD

[Global flags]
    uintx AdaptiveSizePolicyWeight                 = 90                                        {product} {command line}
     intx CICompilerCount                          = 4                                         {product} {ergonomic}
    uintx GCTimeRatio                              = 4                                         {product} {command line}
     bool HeapDumpOnOutOfMemoryError               = true                                   {manageable} {command line}
    ccstr HeapDumpPath                             = c:\Users\skchoe\AppData\Roaming\Code\User\workspaceStorage\c7ffefd14e3eaa1ae40ea23a18e9ce71\redhat.java         {manageable} {command line}
   size_t InitialHeapSize                          = 104857600                                 {product} {command line}
   size_t MaxHeapSize                              = 2147483648                                {product} {command line}
   size_t MaxNewSize                               = 715653120                                 {product} {ergonomic}
   size_t MinHeapDeltaBytes                        = 524288                                    {product} {ergonomic}
   size_t MinHeapSize                              = 104857600                                 {product} {command line}
   size_t NewSize                                  = 34603008                                  {product} {ergonomic}
    uintx NonNMethodCodeHeapSize                   = 5839372                                {pd product} {ergonomic}
    uintx NonProfiledCodeHeapSize                  = 122909434                              {pd product} {ergonomic}
   size_t OldSize                                  = 70254592                                  {product} {ergonomic}
    uintx ProfiledCodeHeapSize                     = 122909434                              {pd product} {ergonomic}
    uintx ReservedCodeCacheSize                    = 251658240                              {pd product} {ergonomic}
     bool SegmentedCodeCache                       = true                                      {product} {ergonomic}
   size_t SoftMaxHeapSize                          = 2147483648                             {manageable} {ergonomic}
     bool UseCompressedOops                        = true                           {product lp64_product} {ergonomic}
     bool UseLargePagesIndividualAllocation        = false                                  {pd product} {ergonomic}
     bool UseParallelGC                            = true                                      {product} {command line}

Logging:
Log output configuration:
 #0: stdout all=off uptime,level,tags foldmultilines=false
 #1: stderr all=off uptime,level,tags foldmultilines=false

Release file:
JAVA_VERSION="21.0.9" 
MODULES="java.base java.compiler java.datatransfer java.xml java.prefs java.desktop java.instrument java.logging java.management java.security.sasl java.naming java.rmi java.management.rmi java.net.http java.scripting java.security.jgss java.transaction.xa java.sql java.sql.rowset java.xml.crypto java.se java.smartcardio jdk.accessibility jdk.internal.jvmstat jdk.attach jdk.charsets jdk.internal.opt jdk.zipfs jdk.compiler jdk.crypto.ec jdk.crypto.cryptoki jdk.crypto.mscapi jdk.dynalink jdk.internal.ed jdk.editpad jdk.hotspot.agent jdk.httpserver jdk.internal.le jdk.internal.vm.ci jdk.internal.vm.compiler jdk.internal.vm.compiler.management jdk.jartool jdk.javadoc jdk.jcmd jdk.management jdk.management.agent jdk.jconsole jdk.jdeps jdk.jdwp.agent jdk.jdi jdk.jfr jdk.jshell jdk.jsobject jdk.jstatd jdk.localedata jdk.management.jfr jdk.naming.dns jdk.naming.rmi jdk.net jdk.nio.mapmode jdk.random jdk.sctp jdk.security.auth jdk.security.jgss jdk.unsupported jdk.unsupported.desktop jdk.xml.dom" 

Environment Variables:
JAVA_HOME=C:\Program Files\Eclipse Adoptium\jdk-17.0.15.6-hotspot
PATH=C:\Program Files\Microsoft MPI\Bin\;C:\Program Files\NVIDIA GPU Computing Toolkit\CUDA\v11.6\bin;C:\Program Files\NVIDIA GPU Computing Toolkit\CUDA\v11.6\libnvvp;C:\Program Files\Eclipse Adoptium\jdk-17.0.15.6-hotspot\bin;C:\Program Files\Eclipse Adoptium\jdk-17.0.15.6-hotspot\bin;C:\Program Files\apache-maven-3.6.3\bin;C:\WINDOWS\system32;C:\WINDOWS;C:\WINDOWS\System32\Wbem;C:\WINDOWS\System32\WindowsPowerShell\v1.0\;C:\WINDOWS\System32\OpenSSH\;C:\Program Files\dotnet\;C:\Program Files\Microsoft VS Code\bin;C:\Program Files\PuTTY\;C:\Program Files (x86)\Microsoft SQL Server\160\Tools\Binn\;C:\Program Files\Microsoft SQL Server\160\Tools\Binn\;C:\Program Files\Microsoft SQL Server\Client SDK\ODBC\170\Tools\Binn\;C:\Program Files\Microsoft SQL Server\160\DTS\Binn\;C:\Program Files\NVIDIA Corporation\Nsight Compute 2022.1.1\;C:\Program Files (x86)\NVIDIA Corporation\PhysX\Common;C:\Program Files\RedHat\Podman\;C:\Program Files\nodejs\;C:\Program Files\MiKTeX\miktex\bin\x64\;C:\Program Files\Git\cmd;C:\Program Files\Docker\Docker\resources\bin;C:\Users\skchoe\AppData\Local\Microsoft\WindowsApps;C:\Users\skchoe\AppData\Local\GitHubDesktop\bin;C:\Program Files\JetBrains\PyCharm Community Edition 2023.3.5\bin;;C:\Users\skchoe\AppData\Local\Packages\PythonSoftwareFoundation.Python.3.9_qbz5n2kfra8p0\LocalCache\local-packages\Python39\Scripts;C:\Users\skchoe\AppData\Roaming\npm;C:\Users\skchoe\AppData\Local\PowerToys\DSCModules\
USERNAME=skchoe
OS=Windows_NT
PROCESSOR_IDENTIFIER=Intel64 Family 6 Model 158 Stepping 13, GenuineIntel
TMP=C:\Users\skchoe\AppData\Local\Temp
TEMP=C:\Users\skchoe\AppData\Local\Temp




Periodic native trim disabled

---------------  S Y S T E M  ---------------

OS:
 Windows 11 , 64 bit Build 26100 (10.0.26100.7705)
OS uptime: 12 days 19:23 hours
Hyper-V role detected

CPU: total 12 (initial active 12) (6 cores per cpu, 2 threads per core) family 6 model 158 stepping 13 microcode 0x104, cx8, cmov, fxsr, ht, mmx, 3dnowpref, sse, sse2, sse3, ssse3, sse4.1, sse4.2, popcnt, lzcnt, tsc, tscinvbit, avx, avx2, aes, erms, clmul, bmi1, bmi2, adx, fma, vzeroupper, clflush, clflushopt, hv, rdtscp, f16c
Processor Information for the first 12 processors :
  Max Mhz: 2592, Current Mhz: 2592, Mhz Limit: 2592

Memory: 4k page, system-wide physical 32486M (7739M free)
TotalPageFile size 41193M (AvailPageFile size 8M)
current process WorkingSet (physical memory assigned to process): 31M, peak: 777M
current process commit charge ("private bytes"): 684M, peak: 725M

vm_info: OpenJDK 64-Bit Server VM (21.0.9+10-LTS) for windows-amd64 JRE (21.0.9+10-LTS), built on 2025-10-21T00:00:00Z by "admin" with unknown MS VC++:1942

END.
